2020-1-6 16:56:45 : undefined
2020-1-6 16:56:50 : undefined
2020-1-6 16:59:12 : Logged in as ArrBot#9562!
2020-1-6 16:59:35 : Logged in as ArrBot#9562!
2020-1-6 16:59:41 : Command received from atr0phy#2632: explore
2020-1-6 16:59:41 : 247449907001163787
2020-1-6 16:59:44 : Command received from atr0phy#2632: start
2020-1-6 16:59:44 : 247449907001163787
2020-1-6 16:59:48 : Command received from atr0phy#2632: explore
2020-1-6 16:59:48 : 247449907001163787
2020-1-6 17:0:27 : Logged in as ArrBot#9562!
2020-1-6 17:0:34 : Command received from atr0phy#2632: explore
2020-1-6 17:0:38 : Command received from atr0phy#2632: start
2020-1-6 17:0:42 : Command received from atr0phy#2632: explore
2020-1-6 17:1:48 : Logged in as ArrBot#9562!
2020-1-6 17:1:54 : Command received from atr0phy#2632: explore
2020-1-6 17:1:54 : [object Object]
2020-1-6 17:2:16 : Logged in as ArrBot#9562!
2020-1-6 17:2:25 : Command received from atr0phy#2632: explore
2020-1-6 17:2:25 : {"id":"247449907001163787","tag":"atr0phy#2632","name":"atr0phy","avatar":"https://cdn.discordapp.com/avatars/247449907001163787/1a7f0f709fd411bc2eb05e843dac5e95.png?size=2048","bounty":0,"level":1,"xp":0,"hp":100,"attack":11,"defense":10,"cunning":11,"evasion":12,"gold":50,"booty":[{"voodoo doll":50}]}
2020-1-6 17:3:36 : Logged in as ArrBot#9562!
2020-1-6 17:3:42 : Command received from atr0phy#2632: explore
2020-1-6 17:3:42 : {"id":"247449907001163787","tag":"atr0phy#2632","name":"atr0phy","avatar":"https://cdn.discordapp.com/avatars/247449907001163787/1a7f0f709fd411bc2eb05e843dac5e95.png?size=2048","bounty":0,"level":1,"xp":0,"hp":100,"attack":11,"defense":10,"cunning":11,"evasion":12,"gold":50,"booty":[{"voodoo doll":50}]}
2020-1-6 17:4:18 : Logged in as ArrBot#9562!
2020-1-6 17:4:22 : Command received from atr0phy#2632: explore
2020-1-6 17:4:22 : undefined
2020-1-6 17:4:22 : {"id":"247449907001163787","tag":"atr0phy#2632","name":"atr0phy","avatar":"https://cdn.discordapp.com/avatars/247449907001163787/1a7f0f709fd411bc2eb05e843dac5e95.png?size=2048","bounty":0,"level":1,"xp":0,"hp":100,"attack":11,"defense":10,"cunning":11,"evasion":12,"gold":50,"booty":[{"voodoo doll":50}]}
2020-1-6 17:4:22 : {"id":"247449907001163787","tag":"atr0phy#2632","name":"atr0phy","avatar":"https://cdn.discordapp.com/avatars/247449907001163787/1a7f0f709fd411bc2eb05e843dac5e95.png?size=2048","bounty":0,"level":1,"xp":0,"hp":100,"attack":11,"defense":10,"cunning":11,"evasion":12,"gold":50,"booty":[{"voodoo doll":50}]}
2020-1-6 17:10:29 : Logged in as ArrBot#9562!
2020-1-6 17:12:8 : Logged in as ArrBot#9562!
2020-1-6 17:12:13 : Command received from atr0phy#2632: explore
2020-1-6 17:14:43 : Logged in as ArrBot#9562!
2020-1-6 18:0:51 : Logged in as ArrBot#9562!
2020-1-6 18:2:16 : Logged in as ArrBot#9562!
2020-1-6 18:4:20 : Logged in as ArrBot#9562!
2020-1-6 18:5:2 : Logged in as ArrBot#9562!
2020-1-6 18:6:36 : Logged in as ArrBot#9562!
2020-1-6 18:6:53 : Logged in as ArrBot#9562!
2020-1-6 18:7:25 : Logged in as ArrBot#9562!
2020-1-6 18:8:50 : Logged in as ArrBot#9562!
2020-1-6 18:11:40 : Logged in as ArrBot#9562!
2020-1-7 7:59:42 : Logged in as ArrBot#9562!
2020-1-7 8:0:43 : Logged in as ArrBot#9562!
2020-1-7 8:0:57 : Logged in as ArrBot#9562!
2020-1-7 8:19:24 : Logged in as ArrBot#9562!
2020-1-7 8:19:36 : Command received from atr0phy#2632: start
2020-1-7 8:19:36 : Error: ENOENT: no such file or directory, open 'file:///users/247449907001163787.json'
2020-1-7 8:19:43 : Command received from atr0phy#2632: start
2020-1-7 8:19:43 : Error: ENOENT: no such file or directory, open 'file:///users/247449907001163787.json'
2020-1-7 8:19:48 : Command received from atr0phy#2632: stats
2020-1-7 8:20:24 : Logged in as ArrBot#9562!
2020-1-7 8:21:14 : Logged in as ArrBot#9562!
2020-1-7 8:24:30 : Logged in as ArrBot#9562!
2020-1-7 8:24:34 : Command received from atr0phy#2632: start
2020-1-7 8:24:46 : Command received from atr0phy#2632: start
2020-1-7 8:25:19 : Logged in as ArrBot#9562!
2020-1-7 8:25:25 : Command received from atr0phy#2632: start
2020-1-7 8:25:25 : {"id":"247449907001163787","tag":"atr0phy#2632","name":"atr0phy","avatar":"https://cdn.discordapp.com/avatars/247449907001163787/1a7f0f709fd411bc2eb05e843dac5e95.png?size=2048","bounty":0,"level":1,"xp":0,"hp":100,"attack":11,"defense":10,"cunning":11,"evasion":12,"gold":50,"booty":[{"voodoo doll":50}]}
2020-1-7 8:31:2 : Logged in as ArrBot#9562!
2020-1-7 8:31:39 : Command received from lunita#8186: start
2020-1-7 8:31:46 : Command received from lunita#8186: explore
2020-1-7 8:32:48 : Logged in as ArrBot#9562!
2020-1-7 8:32:56 : Command received from atr0phy#2632: explore
2020-1-7 8:32:56 : {"id":"247449907001163787","tag":"atr0phy#2632","name":"atr0phy","avatar":"https://cdn.discordapp.com/avatars/247449907001163787/1a7f0f709fd411bc2eb05e843dac5e95.png?size=2048","bounty":0,"level":1,"xp":0,"hp":100,"attack":11,"defense":10,"cunning":11,"evasion":12,"gold":50,"booty":[{"voodoo doll":50}]}
2020-1-7 8:33:2 : Command received from atr0phy#2632: booty
2020-1-7 8:33:2 : {"id":"247449907001163787","tag":"atr0phy#2632","name":"atr0phy","avatar":"https://cdn.discordapp.com/avatars/247449907001163787/1a7f0f709fd411bc2eb05e843dac5e95.png?size=2048","bounty":0,"level":1,"xp":0,"hp":100,"attack":11,"defense":10,"cunning":11,"evasion":12,"gold":50,"booty":[{"voodoo doll":50}]}
2020-1-7 8:34:27 : Logged in as ArrBot#9562!
2020-1-7 8:34:31 : Command received from atr0phy#2632: explore
2020-1-7 8:34:34 : Command received from atr0phy#2632: explore
2020-1-7 8:34:37 : Command received from atr0phy#2632: explore
2020-1-7 8:38:16 : Logged in as ArrBot#9562!
2020-1-7 8:38:21 : Command received from atr0phy#2632: explore
2020-1-7 8:38:21 : {"id":"247449907001163787","tag":"atr0phy#2632","bounty":0,"level":1,"xp":63,"hp":100,"attack":11,"defense":10,"cunning":11,"evasion":12,"gold":106,"booty":[{"voodoo doll":50},{"sand paper":6}]}
2020-1-7 8:38:24 : Command received from atr0phy#2632: booty
2020-1-7 8:40:9 : Command received from atr0phy#2632: booty
2020-1-7 8:44:4 : Logged in as ArrBot#9562!
2020-1-7 8:44:8 : Command received from atr0phy#2632: start
2020-1-7 8:45:28 : Logged in as ArrBot#9562!
2020-1-7 8:45:32 : Command received from lunita#8186: start
2020-1-7 8:45:46 : Command received from atr0phy#2632: start
2020-1-7 8:46:21 : Command received from atr0phy#2632: start
2020-1-7 8:46:21 : {"id":"247449907001163787","tag":"atr0phy#2632","name":"atr0phy","avatar":"https://cdn.discordapp.com/avatars/247449907001163787/1a7f0f709fd411bc2eb05e843dac5e95.png?size=2048","bounty":0,"level":1,"xp":0,"hp":100,"attack":11,"defense":10,"cunning":11,"evasion":12,"gold":50,"booty":[{"voodoo doll":50}]}
2020-1-7 8:46:27 : Command received from atr0phy#2632: start
2020-1-7 8:46:39 : Command received from atr0phy#2632: explore
2020-1-7 8:46:39 : {"id":"247449907001163787","tag":"atr0phy#2632","name":"atr0phy","avatar":"https://cdn.discordapp.com/avatars/247449907001163787/1a7f0f709fd411bc2eb05e843dac5e95.png?size=2048","bounty":0,"level":1,"xp":27,"hp":100,"attack":11,"defense":10,"cunning":11,"evasion":12,"gold":124,"booty":[{"voodoo doll":50},{"checkbook":54}]}
2020-1-7 8:46:45 : Command received from atr0phy#2632: stats
2020-1-7 8:47:1 : Command received from atr0phy#2632: booty
2020-1-7 8:52:10 : Logged in as ArrBot#9562!
2020-1-7 8:52:17 : Command received from atr0phy#2632: booty
2020-1-7 8:52:17 : [object Object]
2020-1-7 8:52:36 : Logged in as ArrBot#9562!
2020-1-7 8:52:39 : Command received from atr0phy#2632: booty
2020-1-7 8:52:39 : [{"voodoo doll":50}]
2020-1-7 8:53:20 : Logged in as ArrBot#9562!
2020-1-7 8:53:28 : Command received from atr0phy#2632: booty
2020-1-7 8:53:28 : {"id":"247449907001163787","tag":"atr0phy#2632","name":"atr0phy","avatar":"https://cdn.discordapp.com/avatars/247449907001163787/1a7f0f709fd411bc2eb05e843dac5e95.png?size=2048","bounty":0,"level":1,"xp":0,"hp":100,"attack":11,"defense":10,"cunning":11,"evasion":12,"gold":50,"booty":[{"voodoo doll":50}]}
2020-1-7 8:53:28 : [{"voodoo doll":50}]
2020-1-7 8:54:41 : Logged in as ArrBot#9562!
2020-1-7 8:54:45 : Command received from atr0phy#2632: booty
2020-1-7 8:54:45 : {"id":"247449907001163787","tag":"atr0phy#2632","name":"atr0phy","avatar":"https://cdn.discordapp.com/avatars/247449907001163787/1a7f0f709fd411bc2eb05e843dac5e95.png?size=2048","bounty":0,"level":1,"xp":27,"hp":100,"attack":11,"defense":10,"cunning":11,"evasion":12,"gold":124,"booty":[{"voodoo doll":50},{"checkbook":54}]}
2020-1-7 8:54:45 : [{"voodoo doll":50}]
2020-1-7 8:57:20 : Logged in as ArrBot#9562!
2020-1-7 8:57:24 : Command received from atr0phy#2632: explore
2020-1-7 8:57:24 : {"id":"247449907001163787","tag":"atr0phy#2632","name":"atr0phy","avatar":"https://cdn.discordapp.com/avatars/247449907001163787/1a7f0f709fd411bc2eb05e843dac5e95.png?size=2048","bounty":0,"level":1,"xp":43,"hp":100,"attack":11,"defense":10,"cunning":11,"evasion":12,"gold":170,"booty":[{"voodoo doll":50},{"checkbook":54},{"saber":1000}]}
2020-1-7 8:57:28 : Command received from atr0phy#2632: booty
2020-1-7 8:57:28 : {"id":"247449907001163787","tag":"atr0phy#2632","name":"atr0phy","avatar":"https://cdn.discordapp.com/avatars/247449907001163787/1a7f0f709fd411bc2eb05e843dac5e95.png?size=2048","bounty":0,"level":1,"xp":43,"hp":100,"attack":11,"defense":10,"cunning":11,"evasion":12,"gold":170,"booty":[{"voodoo doll":50},{"checkbook":54},{"saber":1000}]}
2020-1-7 8:57:28 : [{"voodoo doll":50},{"checkbook":54},{"saber":1000}]
2020-1-7 8:57:39 : Command received from atr0phy#2632: sell,checkbook
2020-1-7 8:57:39 : {"id":"247449907001163787","tag":"atr0phy#2632","name":"atr0phy","avatar":"https://cdn.discordapp.com/avatars/247449907001163787/1a7f0f709fd411bc2eb05e843dac5e95.png?size=2048","bounty":0,"level":1,"xp":43,"hp":100,"attack":11,"defense":10,"cunning":11,"evasion":12,"gold":224,"booty":[{"voodoo doll":50},{"saber":1000}]}
2020-1-7 8:57:42 : Command received from atr0phy#2632: booty
2020-1-7 8:57:42 : {"id":"247449907001163787","tag":"atr0phy#2632","name":"atr0phy","avatar":"https://cdn.discordapp.com/avatars/247449907001163787/1a7f0f709fd411bc2eb05e843dac5e95.png?size=2048","bounty":0,"level":1,"xp":43,"hp":100,"attack":11,"defense":10,"cunning":11,"evasion":12,"gold":224,"booty":[{"voodoo doll":50},{"saber":1000}]}
2020-1-7 8:57:42 : [{"voodoo doll":50},{"saber":1000}]
2020-1-7 8:58:26 : Logged in as ArrBot#9562!
2020-1-7 8:58:29 : Command received from atr0phy#2632: explore
2020-1-7 9:12:31 : Logged in as ArrBot#9562!
2020-1-7 9:12:39 : Command received from atr0phy#2632: booty
2020-1-7 9:12:39 : [{"voodoo doll":50},{"saber":1000}]
2020-1-7 9:12:46 : Command received from lunita#8186: start
2020-1-7 9:12:55 : Command received from lunita#8186: rob,<@!247449907001163787>
2020-1-7 9:13:6 : Command received from lunita#8186: rob,<@!247449907001163787>
2020-1-7 9:13:10 : Command received from lunita#8186: rob,<@!247449907001163787>
2020-1-7 9:13:13 : Command received from lunita#8186: rob,<@!247449907001163787>
2020-1-7 9:13:14 : Command received from lunita#8186: rob,<@!247449907001163787>
2020-1-7 9:13:25 : Command received from atr0phy#2632: booty
2020-1-7 9:13:25 : [{"voodoo doll":50},{"saber":1000}]
2020-1-7 9:13:34 : Command received from atr0phy#2632: stats
2020-1-7 9:13:56 : Command received from lunita#8186: booty
2020-1-7 9:13:56 : [{"voodoo doll":50},{"voodoo doll":50}]
2020-1-7 9:17:7 : Logged in as ArrBot#9562!
2020-1-7 9:17:10 : Command received from atr0phy#2632: explore
2020-1-7 9:17:20 : Command received from atr0phy#2632: rob,<@!643215091956842507>
2020-1-7 9:17:36 : Command received from atr0phy#2632: rob,<@!643215091956842507>
2020-1-7 9:17:38 : Command received from atr0phy#2632: rob,<@!643215091956842507>
2020-1-7 9:17:39 : Command received from atr0phy#2632: rob,<@!643215091956842507>
2020-1-7 9:17:41 : Command received from atr0phy#2632: rob,<@!643215091956842507>
2020-1-7 9:17:45 : Command received from atr0phy#2632: booty
2020-1-7 9:17:45 : [{"voodoo doll":50},{"saber":1000},{"candy wrapper":174},{"voodoo doll":50}]
2020-1-7 9:17:53 : Command received from lunita#8186: booty
2020-1-7 9:17:53 : [{"voodoo doll":50},{"voodoo doll":50}]
2020-1-7 9:19:7 : Logged in as ArrBot#9562!
2020-1-7 9:19:17 : Command received from atr0phy#2632: rob,<@!247449907001163787>
2020-1-7 9:19:24 : Command received from atr0phy#2632: rob,<@!643215091956842507>
2020-1-7 9:19:29 : Command received from atr0phy#2632: rob,<@!643215091956842507>
2020-1-7 9:19:30 : Command received from atr0phy#2632: rob,<@!643215091956842507>
2020-1-7 9:19:36 : Command received from atr0phy#2632: booty
2020-1-7 9:19:45 : Command received from lunita#8186: booty
2020-1-7 9:20:37 : Command received from atr0phy#2632: start
2020-1-7 9:20:48 : Command received from atr0phy#2632: explore
2020-1-7 9:20:54 : Command received from atr0phy#2632: sell,eye,liner
2020-1-7 10:34:48 : Logged in as ArrBot#9562!
